         w __deregister_frame_info
         w _ITM_deregisterTMCloneTable
         w _ITM_registerTMCloneTable
         w __register_frame_info
00000000 00000401 b __fixedpath
00000000 b .LANCHOR1
00000000 a shift
00000000 a shift
00000000 b _TLS_MODULE_BASE_
00000404 b .LANCHOR3
00000404 00000802 b __utf16path
00000c08 b .LANCHOR5
00000c08 00000802 b __utf16path_old.8583
00100000 A __start__
00100000 T _start
00100008 T __service_ptr
0010000c T __apt_appid
00100010 T __heap_size
00100014 T __linear_heap_size
00100018 T __system_arglist
0010001c T __system_runflags
00100020 t startup
00100058 t ClearMem
0010006c t ClrLoop
00100094 T _init
001000ac 0000001c T mcuInit
001000c8 00000018 T mcuExit
001000e0 0000004c T mcuReadRegister
0010012c 0000004c T mcuWriteRegister
00100178 00000040 W __appInit
001001b8 0000004c W __appExit
00100204 00000204 T main
00100408 0000001c T ptmsysmInit
00100424 00000018 T ptmsysmExit
0010043c 00000054 T ptmsysmSetInfoLedPattern
00100490 0000007c T fixcolor
0010050c 00000054 T stfuled
00100560 T initSystem
001005a4 T __ctru_exit
001005c4 T __aeabi_uidiv
001005c4 000001ec T __udivsi3
001005c4 t .udivsi3_skip_div0_test
001007b0 00000020 T __aeabi_uidivmod
001007d0 T __aeabi_idiv
001007d0 00000220 T __divsi3
001007d8 t .divsi3_skip_div0_test
001009f0 00000020 T __aeabi_idivmod
00100a10 00000004 W __aeabi_idiv0
00100a10 00000004 W __aeabi_ldiv0
00100a14 T __aeabi_uldivmod
00100a68 00000390 T strcmp
00100df0 T __aeabi_drsub
00100df8 000002b0 T __aeabi_dsub
00100df8 000002b0 T __subdf3
00100dfc 000002ac T __adddf3
00100dfc 000002ac T __aeabi_dadd
001010a8 00000024 T __aeabi_ui2d
001010a8 00000024 T __floatunsidf
001010cc 00000028 T __aeabi_i2d
001010cc 00000028 T __floatsidf
001010f4 00000048 T __aeabi_f2d
001010f4 00000048 T __extendsfdf2
0010113c 00000074 T __aeabi_ul2d
0010113c 00000074 T __floatundidf
00101150 00000060 T __aeabi_l2d
00101150 00000060 T __floatdidf
001011b0 t deregister_tm_clones
001011dc t register_tm_clones
00101214 t __do_global_dtors_aux
00101258 t frame_dummy
0010128c 00000024 t addrMapNodeComparator(rbtree_node const*, rbtree_node const*)
001012b0 00000004 t addrMapNodeDestructor(rbtree_node*)
001012b4 00000124 T linearMemAlign
001013d8 00000008 T linearAlloc
001013e0 00000054 T linearFree
00101434 0000008c T MemPool::CoalesceRight(MemBlock*)
001014c0 00000174 T MemPool::Allocate(MemChunk&, unsigned long, int)
00101634 000000fc T MemPool::Deallocate(MemChunk const&)
00101730 00000008 t romfs_close
00101738 000000d4 t romfs_seek
0010180c 00000024 t romfs_dirreset
00101830 00000078 t romfs_fstat
001018a8 00000054 t _romfs_read_chk
001018fc 000000cc t romfs_read
001019c8 0000007c t romfs_free
00101a44 0000016c t romfsMountCommon
00101bb0 00000254 t romfs_dirnext
00101e04 000000bc t romfsInitMtime.isra.0
00101ec0 000000b4 t searchForFile.constprop.0
00101f74 000000b8 t searchForDir.constprop.0
0010202c 000001c4 t navigateToDir.constprop.0
001021f0 0000011c t romfs_open
0010230c 00000204 t romfs_stat
00102510 00000054 t romfs_chdir
00102564 00000078 t romfs_diropen
001025dc 00000008 t romfs_dirclose
001025e4 00000344 T romfsMount
00102928 00000078 T romfsUnmount
001029a0 000001b8 T consoleDrawChar
00102b58 00000124 T consolePrintChar
00102c7c 0000015c t consoleCls
00102dd8 00000104 T consoleInit
00102edc 0000010c t consoleClearLine
00102fe8 000000c4 t newRow
001030ac 000007cc T con_write
00103878 00000058 T srvExit
001038d0 00000038 T srvRegisterClient
00103908 000000cc T srvInit
001039d4 00000080 T srvGetServiceHandleDirect
00103a54 00000048 T srvGetServiceHandle
00103a9c 00000014 t sdmc_link
00103ab0 00000014 t sdmc_dirreset
00103ac4 00000014 t sdmc_chmod
00103ad8 00000024 t error_cmp
00103afc 00000050 t sdmc_translate_error
00103b4c 00000034 t sdmc_fsync
00103b80 00000054 t sdmc_ftruncate
00103bd4 000000bc t sdmc_statvfs
00103c90 00000038 t sdmc_dirclose
00103cc8 0000013c t sdmc_dirnext
00103e04 00000034 t sdmc_close
00103e38 00000070 t sdmc_fstat
00103ea8 000000d4 t sdmc_seek
00103f7c 00000078 t sdmc_read
00103ff4 000000ac t sdmc_write
001040a0 000001b0 t sdmc_utf16path
00104250 00000074 t sdmc_rmdir
001042c4 000000a4 t sdmc_diropen
00104368 000000ac t sdmc_chdir
00104414 00000098 t sdmc_mkdir
001044ac 00000108 t sdmc_rename
001045b4 00000074 t sdmc_unlink
00104628 00000108 t sdmc_stat
00104730 00000198 t sdmc_open
001048c8 00000014 t sdmc_fchmod
001048dc 00000168 T sdmcInit
00104a44 00000060 T sdmcExit
00104aa4 0000008c t gfxSetFramebufferInfo.part.0
00104b30 0000006c t gfxSetFramebufferInfo
00104b9c 00000058 t gfxGetFramebuffer.part.0
00104bf4 00000018 T __get_bytes_per_pixel
00104c0c 00000184 T gfxSetScreenFormat
00104d90 00000010 T gfxSetDoubleBuffering
00104da0 00000214 T gfxInit
00104fb4 00000010 T gfxInitDefault
00104fc4 000000e0 T gfxExit
001050a4 00000064 T gfxGetFramebuffer
00105108 000000cc T gfxFlushBuffers
001051d4 000000f4 T gfxConfigScreen
001052c8 00000020 T gfxSwapBuffers
001052e8 00000020 T gfxSwapBuffersGpu
00105308 00000074 T gspInit
0010537c 0000003c T gspExit
001053b8 000000a4 T gspInitEventHandler
0010545c 00000040 T gspExitEventHandler
0010549c 00000050 T gspWaitForEvent
001054ec 00000004 W gxCmdQueueInterrupt
001054f0 00000178 t gspEventThreadMain
00105668 0000006c T GSPGPU_SetBufferSwap
001056d4 0000004c T GSPGPU_FlushDataCache
00105720 00000034 T GSPGPU_SetLcdForceBlack
00105754 00000064 T GSPGPU_RegisterInterruptRelayQueue
001057b8 0000002c T GSPGPU_UnregisterInterruptRelayQueue
001057e4 00000048 T GSPGPU_AcquireRight
0010582c 0000002c T GSPGPU_ReleaseRight
00105858 00000080 T GSPGPU_ImportDisplayCaptureInfo
001058d8 0000002c T GSPGPU_SaveVramSysArea
00105904 0000002c T GSPGPU_RestoreVramSysArea
00105930 0000008c T acInit
001059bc 0000003c T acExit
001059f8 00000004 W _aptDebug
001059fc 00000170 T aptSendCommand
00105b6c 0000003c t aptExitProcess
00105ba8 00000020 T APT_HardwareResetAsync
00105bc8 00000050 T APT_InquireNotification
00105c18 00000194 t aptEventHandler
00105dac 00000074 T APT_AppletUtility
00105e20 000000b0 T aptSetSleepAllowed
00105ed0 000000b4 T APT_GlanceParameter
00105f84 000000c8 T APT_ReceiveParameter
0010604c 000000bc t aptReceiveParameter.constprop.0
00106108 000001e0 t aptScreenTransfer
001062e8 00000210 t aptWaitForWakeUp
001064f8 00000070 T APT_CancelParameter
00106568 0000025c T aptInit
001067c4 00000088 t aptClearParamQueue
0010684c 00000264 T aptMainLoop
00106ab0 00000254 T aptExit
00106d04 0000007c T APT_CheckNew3DS
00106d80 000000d0 T hidExit
00106e50 00000090 T HIDUSER_GetHandles
00106ee0 000001a4 T hidInit
00107084 0000000c T srvPmGetSessionHandle
00107090 00000028 t fsSessionForArchive.part.0
001070b8 000000c4 T fsInit
0010717c 0000003c T fsExit
001071b8 00000064 T fsExemptFromSession
0010721c 0000005c T fsUnexemptFromSession
00107278 000000bc T FSUSER_OpenFile
00107334 000000d4 T FSUSER_OpenFileDirectly
00107408 000000ac T FSUSER_DeleteFile
001074b4 000000e8 T FSUSER_RenameFile
0010759c 000000ac T FSUSER_DeleteDirectory
00107648 000000c4 T FSUSER_CreateFile
0010770c 000000b4 T FSUSER_CreateDirectory
001077c0 000000e8 T FSUSER_RenameDirectory
001078a8 000000a0 T FSUSER_OpenDirectory
00107948 00000098 T FSUSER_OpenArchive
001079e0 000000a0 T FSUSER_ControlArchive
00107a80 00000078 T FSUSER_CloseArchive
00107af8 00000078 T FSUSER_GetSdmcArchiveResource
00107b70 00000064 T FSUSER_IsSdmcWritable
00107bd4 0000005c T FSFILE_Read
00107c30 00000064 T FSFILE_Write
00107c94 00000038 T FSFILE_GetSize
00107ccc 00000028 T FSFILE_SetSize
00107cf4 0000003c T FSFILE_Close
00107d30 00000024 T FSFILE_Flush
00107d54 00000054 T FSDIR_Read
00107da8 0000003c T FSDIR_Close
00107de4 00000014 T rbtree_init
00107df8 000001a4 t do_insert
00107f9c 00000008 T rbtree_insert
00107fa4 00000090 T rbtree_rotate
00108034 00000334 T rbtree_remove
00108368 00000074 T rbtree_find
001083dc 000000e8 T utf16_to_utf8
001084c4 00000060 T decode_utf16
00108524 00000138 T decode_utf8
0010865c 000000c0 T utf8_to_utf16
0010871c 00000038 W __libctru_init
00108754 00000034 t __libctru_nanosleep
00108788 00000030 t __ctru_get_reent
001087b8 000000fc T __system_initSyscalls
001088b4 00000100 W __system_allocateHeaps
001089b4 000000f0 T __system_initArgv
00108aa4 T svcControlMemory
00108ac4 T svcExitProcess
00108acc T svcCreateThread
00108aec T svcExitThread
00108af4 T svcSleepThread
00108afc T svcReleaseMutex
00108b04 T svcCreateEvent
00108b18 T svcSignalEvent
00108b20 T svcClearEvent
00108b28 T svcMapMemoryBlock
00108b30 T svcUnmapMemoryBlock
00108b38 T svcCreateAddressArbiter
00108b4c T svcArbitrateAddress
00108b64 T svcCloseHandle
00108b6c T svcWaitSynchronization
00108b74 T svcWaitSynchronizationN
00108b9c T svcDuplicateHandle
00108bb0 T svcGetSystemTick
00108bb8 T svcGetSystemInfo
00108bd0 T svcConnectToPort
00108be4 T svcSendSyncRequest
00108bec T svcBreak
00108bf4 T __aeabi_read_tp
00108c00 00000024 t addrMapNodeComparator(rbtree_node const*, rbtree_node const*)
00108c24 00000004 t addrMapNodeDestructor(rbtree_node*)
00108c28 00000114 T vramMemAlign
00108d3c 00000008 T vramAlloc
00108d44 00000054 T vramFree
00108d98 00000024 t addrMapNodeComparator(rbtree_node const*, rbtree_node const*)
00108dbc 00000004 t addrMapNodeDestructor(rbtree_node*)
00108dc0 000000e8 T mappableAlloc
00108ea8 00000054 T mappableFree
00108efc 00000038 t LightLock_Unlock.part.0
00108f34 0000000c T __sync_init
00108f40 00000018 T __sync_fini
00108f58 00000010 T __sync_get_arbiter
00108f68 00000018 T LightLock_Init
00108f80 00000090 T LightLock_Lock
00109010 00000034 T LightLock_TryLock
00109044 00000020 T LightLock_Unlock
00109064 00000024 T RecursiveLock_Init
00109088 00000030 T RecursiveLock_Lock
001090b8 00000058 T RecursiveLock_TryLock
00109110 00000038 T RecursiveLock_Unlock
00109148 00000038 T LightEvent_Init
00109180 0000007c T LightEvent_Clear
001091fc 000000dc T LightEvent_Signal
001092d8 000000c0 T LightEvent_Wait
00109398 00000084 T envGetHandle
0010941c 0000004c T envDestroyHandles
00109468 00000058 t getSysTime
001094c0 00000028 t __ctru_speedup_config.part.0
001094e8 00000024 T osGetMemRegionUsed
00109510 00000128 T __libctru_gtod
00109638 00000018 T __ctru_speedup_config
00109650 0000001c t threadFree.part.0
0010966c 00000180 T threadCreate
001097ec 00000024 T threadJoin
00109810 00000068 T threadExit
00109878 00000048 t _thread_begin
001098c0 00000050 T IRRST_GetHandles
00109910 00000154 T irrstInit
00109a64 0000002c T IRRST_Shutdown
00109a90 000000ac T irrstExit
00109b3c 00000074 T ptmSysmInit
00109bb0 0000003c T ptmSysmExit
00109bec 00000034 T PTMSYSM_ConfigureNew3DSCPU
00109c20 00000050 T rbtree_node_next
00109c70 00000068 T encode_utf16
00109cd8 00000104 T encode_utf8
00109ddc 000000a0 W __libctru_exit
00109e7c 00000038 T __aeabi_d2lz
00109e7c 00000038 T __fixdfdi
00109eb8 00000040 T __aeabi_d2ulz
00109eb8 00000040 T __fixunsdfdi
00109ef8 00000130 T __udivmoddi4
0010a028 0000007c T bsearch
0010a0a4 00000028 T calloc
0010a0cc 00000094 T _calloc_r
0010a160 0000000c T __errno
0010a16c 00000034 T exit
0010a1a0 00000160 T _fclose_r
0010a300 00000020 T fclose
0010a320 00000278 T __sflush_r
0010a598 00000094 T _fflush_r
0010a62c 00000038 T fflush
0010a664 00000078 t std
0010a6dc 0000000c T _cleanup_r
0010a6e8 00000048 T __sfmoreglue
0010a730 0000008c T __sinit
0010a7bc 0000010c T __sfp
0010a8c8 0000000c T __sfp_lock_acquire
0010a8d4 0000000c T __sfp_lock_release
0010a8e0 0000003c T __libc_fini_array
0010a91c 00000138 T _fopen_r
0010aa54 00000028 T fopen
0010aa7c 000002e0 T _fread_r
0010ad5c 00000038 T fread
0010ad94 000000f8 T _malloc_trim_r
0010ae8c 000002e8 T _free_r
0010b174 00000020 T _fseek_r
0010b194 00000034 T fseek
0010b1c8 000005ac T _fseeko_r
0010b774 00000040 T ftell
0010b7b4 000001bc T _ftello_r
0010b970 00000068 T _fwalk
0010b9d8 00000070 T _fwalk_reent
0010ba48 0000007c T __libc_init_array
0010bac4 00000094 T __swhatbuf_r
0010bb58 000000f8 T __smakebuf_r
0010bc50 00000028 T memalign
0010bc78 0000014c T _memalign_r
0010bdc4 00000020 T malloc
0010bde4 00000020 T free
0010be04 000007d0 T _malloc_r
0010c5d4 000000e0 T memchr
0010c6b4 000000a0 T memcmp
0010c754 00000120 T memcpy
0010c874 00000118 T memset
0010c98c 0000000c T __malloc_lock
0010c998 0000000c T __malloc_unlock
0010c9a4 00000034 T printf
0010c9d8 000000e0 T _puts_r
0010cab8 00000020 T puts
0010cad8 0000001c t lflush
0010caf4 000001ac T __srefill_r
0010cca0 0000002c T rewind
0010cccc 00000260 T setvbuf
0010cf2c 00000074 T sscanf
0010cfa0 0000003c T __sread
0010cfdc 00000008 T __seofread
0010cfe4 00000068 T __swrite
0010d04c 00000058 T __sseek
0010d0a4 00000008 T __sclose
0010d0ac 00000144 T strchr
0010d1f0 0000005c T strlen
0010d24c 00000098 T strncat
0010d2e4 000000ec T strncmp
0010d3d0 000000c0 T strncpy
0010d490 00000048 T strnlen
0010d4d8 00000048 t get_arg
0010d520 00002b84 T __ssvfscanf_r
001100a4 0000003c T time
001100e0 00000034 T __sprint_r
00110114 00000650 t get_arg
00110768 000038e0 T _vfprintf_r
00114048 000000d4 t __sbprintf
0011411c 00000054 T _wcrtomb_r
00114170 00000020 T _wcsrtombs_r
00114190 00000150 T __swsetup_r
001142e0 00000118 T __call_exitprocs
001143f8 000001a8 t quorem
001145a0 000012ac T _dtoa_r
0011584c 000000c8 T __sflags
00115914 000004a4 T __sfvwrite_r
00115db8 00000008 T iswspace
00115dc0 0000000c T _localeconv_r
00115dcc 00000010 T __locale_mb_cur_max
00115ddc 00000060 T _mbrtowc_r
00115e3c 000002fc T __utf8_mbtowc
00116138 00000154 T memmove
0011628c 00000088 T _Balloc
00116314 0000001c T _Bfree
00116330 000000d0 T __multadd
00116400 000000ec T __s2b
001164ec 00000058 T __hi0bits
00116544 0000009c T __lo0bits
001165e0 00000020 T __i2b
00116600 000001e0 T __multiply
001167e0 00000100 T __pow5mult
001168e0 00000114 T __lshift
001169f4 00000058 T __mcmp
00116a4c 00000190 T __mdiff
00116bdc 00000088 T __ulp
00116c64 000000d4 T __b2d
00116d38 00000104 T __d2b
00116e3c 00000084 T __ratio
00116ec0 0000006c T __copybits
00116f2c 0000005c T __any_on
00116f88 00000028 T realloc
00116fb0 000004bc T _realloc_r
0011746c 000000e8 T __sccl
00117554 0000000c T nanf
00117560 000000a8 T frexp
00117608 00000064 T sprintf
0011766c 000000b8 T stpncpy
00117724 00000054 t sulp
00117778 00001414 T _strtod_l
00118b8c 0000000c T _strtod_r
00118b98 0000023c t _strtoll_l.isra.0
00118dd4 00000004 T _strtoll_r
00118dd8 000001b4 t _strtol_l.isra.0
00118f8c 00000004 T _strtol_r
00118f90 0000024c t _strtoull_l.isra.0
001191dc 00000004 T _strtoull_r
001191e0 000001c8 t _strtoul_l.isra.0
001193a8 00000004 T _strtoul_r
001193ac 00000188 T __ssprint_r
00119534 000000e0 T _sungetc_r
00119614 0000006c T __ssrefill_r
00119680 000000c8 T _sfread_r
00119748 00000650 t get_arg
00119d98 00003814 T _svfprintf_r
0011d5ac 000000a8 T __submore
0011d654 00000190 T _wcsnrtombs_l
0011d7e4 00000048 T _wcsnrtombs_r
0011d82c 000000f0 T __utf8_wctomb
0011d91c 000000ec t rshift
0011da08 00000828 T __gethex
0011e230 00000060 T __match
0011e290 0000028c T __hexnan
0011e51c 0000003c T iswspace_l
0011e558 000001e0 t __jp2uc
0011e738 00000094 T _jp2uc_l
0011e7d0 00000010 T nan
0011e7e0 00000088 T category
0011e868 00000008 t null_write
0011e870 00000018 T setDefaultDevice
0011e888 000000c8 T FindDevice
0011e950 00000028 T RemoveDevice
0011e978 0000009c T AddDevice
0011ea14 00000078 T _fstat_r
0011ea8c 00000038 T _gettimeofday_r
0011eac4 00000008 T _isatty_r
0011eacc 00000084 T _lseek_r
0011eb50 000000c4 T _open_r
0011ec14 00000080 T _read_r
0011ec94 00000078 T _sbrk_r
0011ed0c 00000080 T _write_r
0011ed8c 00000024 T _exit
0011edb0 000001bc T _concatenate_path
0011ef6c 0000015c T chdir
0011f0c8 00000008 T __flockfile
0011f0d0 00000008 T __funlockfile
0011f0d8 00000018 T __libc_lock_acquire
0011f0f0 00000018 T __libc_lock_release
0011f108 00000018 T __libc_lock_init_recursive
0011f120 00000018 T __libc_lock_acquire_recursive
0011f138 00000018 T __libc_lock_release_recursive
0011f150 00000018 T __libc_lock_close_recursive
0011f168 0000008c T __release_handle
0011f1f4 000000b4 T __alloc_handle
0011f2a8 0000003c T __get_handle
0011f2e4 000000f8 T _close_r
0011f3dc 00000028 T __getreent
0011f404 00000044 T strrchr
0011f448 T _fini
00120018 R default_font_bin
00120818 R default_font_bin_end
00120818 R default_font_bin_size
00120970 00000030 r colorTable
001209a0 00000070 r dotab_stdout
00120a28 00000030 r error_table
00120a58 00000014 r CSWTCH.62
00120a6c 00000008 r framebufferInfoSt
00120ad0 00000004 R _global_impure_ptr
00120adc 00000022 r basefix.8820
00120b3c 00000010 r blanks.8791
00120b4c 00000010 r zeroes.8792
00120b5c 00000101 R _ctype_
00120c70 r .LC2
00120cb8 00000028 R __mprec_bigtens
00120ce0 000000c8 R __mprec_tens
00120da8 0000000c r p05.7510
00120dc4 00000014 r fpi.7590
00120dd8 00000014 r fpinan.7626
00120df0 00000028 r tinytens
00120e18 0000006c R __action_table
00120e84 00000100 R __chclass
00120f84 0000006c R __state_table
00120ff0 00000010 r blanks.8776
00121000 00000010 r zeroes.8777
00121010 00000100 R __hexdig
00121124 000000bc r a1
001211e0 000000bc r a2
0012129c 0000005b r a3
001212f8 00000070 r a6
00121368 000000a2 r a7
0012140c 00000040 r a8
0012144c 0000172a r b02cf
00122b78 00001a7c r d02f4
001245f4 0000000c R _C_numeric_locale
00124600 0000309c r categories
001276a4 00000070 R dotab_stdnull
00127714 r 
00127714 R __exidx_end
00127714 R __exidx_start
00128000 W __stacksize__
00128004 00000070 d romFS_devoptab
00128074 00000004 D currentConsole
00128078 0000004c D defaultConsole
001280c4 00000001 d firstConsoleInit.8429
001280c8 00000401 d __cwd
001284cc 00000070 d sdmc_devoptab
0012853c 00000001 d botFormat
00128540 00000008 d doubleBuf
00128548 00000001 d topFormat
0012854c 00000004 d gspLastEvent
00128550 00000004 d aptFlags
00128554 00000001 d aptHomeAllowed
00128558 00000004 V __ctru_linear_heap_size
0012855c 0000000c d __sfp_recursive_mutex
00128568 0000000c d __sinit_recursive_mutex
00128574 00000004 D _impure_ptr
00128578 00000460 d impure_data
001289d8 00000408 D __malloc_av_
00128de0 00000004 D __malloc_sbrk_base
00128de4 00000004 D __malloc_trim_threshold
00128de8 0000000c d __malloc_recursive_mutex
00128df4 0000000c D __atexit_recursive_mutex
00128e00 0000016c D __global_locale
00128f6c 00000002 d numempty
00128f70 00000004 d defaultDevice
00128f74 0000008c D devoptab_list
00129000 00000400 d _current_working_directory
00129400 00000004 d __hndl_lock
00129404 0000000c d __stderr_handle
00129410 0000000c d __stdin_handle
0012941c 0000000c d __stdout_handle
00129428 00001000 d handles
0012a428 t __frame_dummy_init_array_entry
0012a428 T __init_array_start
0012a428 B __preinit_array_end
0012a428 B __preinit_array_start
0012a428 D __tdata_lma
0012a428 D __tdata_lma_end
0012a428 D __TMC_END__
0012a428 d __TMC_LIST__
0012a42c t __do_global_dtors_aux_fini_array_entry
0012a42c T __fini_array_start
0012a42c T __init_array_end
0012a430 T __bss_start__
0012a430 T __fini_array_end
0012a430 00000004 B mcuHandle
0012a434 00000004 B buf
0012a438 00000004 B ptmsysmHandle
0012a43c b saved_stack
0012a444 b completed.10434
0012a448 b object.10439
0012a460 00000008 b sLinearPool
0012a468 0000000c b sAddrMap
0012a474 00000401 b __component
0012a878 00000004 V __romfs_path
0012a87c 00000802 b __utf16path
0012b080 00000004 b romfs_mount_list
0012b084 00000004 b srvHandle
0012b088 00000004 b srvRefCount
0012b090 00000008 b sdmcArchive
0012b098 00000001 b sdmcInitialised
0012b09c 00000002 b currentBuffer
0012b09e 00000001 b enable3d
0012b0a0 00000004 b screenAlloc
0012b0a4 00000004 b screenFree
0012b0a8 00000004 b gspEvent
0012b0ac 0000001c b gspEventCb
0012b0c8 0000001c b gspEventCbData
0012b0e4 00000007 b gspEventCbOneShot
0012b0ec 0000001c b gspEventCounts
0012b108 00000004 b gspEventData
0012b10c 00000004 b gspEventThread
0012b110 00000038 b gspEvents
0012b148 00000004 b gspRefCount
0012b14c 00000001 b gspRunEvents
0012b150 00000004 b acHandle
0012b154 00000004 b acRefCount
0012b158 00000001 b aptChainloadMediatype
0012b160 00000008 b aptChainloadTid
0012b168 00000004 b aptEventHandlerThread
0012b16c 0000000c b aptEvents
0012b178 0000000c b aptFirstHook
0012b184 00000001 b aptHomeButtonState
0012b188 00000004 b aptLockHandle
0012b18c 00000004 b aptMessageFunc
0012b190 00000004 b aptMessageFuncData
0012b194 00001000 b aptParameters
0012c194 00000001 b aptRecentHomeButtonState
0012c198 00000004 b aptRefCount
0012c19c 00000008 b aptSleepEvent
0012c1a4 00000001 b flagInit.8300
0012c1a5 00000001 b flagValue.8301
0012c1a8 00000004 b serviceName.7930
0012c1ac 00000004 b hidRefCount
0012c1b0 00000004 b kDown
0012c1b4 00000004 b kHeld
0012c1b8 00000004 b kOld
0012c1bc 00000004 b kUp
0012c1c0 00000004 b srvPmHandle
0012c1c8 00000080 b fsExemptArchives
0012c248 00000004 b fsuHandle
0012c24c 00000004 b fsuRefCount
0012c250 00000004 V __ctru_heap_size
0012c254 0000000c b sAddrMap
0012c260 00000008 b sVramPool
0012c268 00000008 b sMappablePool
0012c270 0000000c b sAddrMap
0012c27c 00000004 b arbiter
0012c280 00000001 V __ctru_speedup
0012c284 00000004 b irrstRefCount
0012c288 00000004 b kHeld
0012c28c 00000004 b ptmSysmHandle
0012c290 00000004 b ptmSysmRefCount
0012c294 00000028 B __malloc_current_mallinfo
0012c2bc 00000004 B __malloc_max_sbrked_mem
0012c2c0 00000004 B __malloc_max_total_mem
0012c2c4 00000004 B __malloc_top_pad
0012c2c8 00000004 b heap_start.7420
0012c2cc 00000004 B fake_heap_end
0012c2d0 00000004 B fake_heap_start
0012c2d4 00000400 b temp_cwd
0012c6d4 00000048 B __syscalls
0012c71c 0000004c B currentCopy
0012c768 00000008 B gfxBottomFramebuffers
0012c770 00000004 B gspSharedMemHandle
0012c774 0000001c B bottomFramebufferInfo
0012c790 00000004 B gspEvent
0012c794 00000008 B gfxTopLeftFramebuffers
0012c79c 00000008 B gfxTopRightFramebuffers
0012c7a4 0000001c B topFramebufferInfo
0012c7c0 00000001 B gfxThreadID
0012c7c4 00000004 B gfxSharedMemory
0012c7c8 00000004 B gfxTopFramebufferMaxSize
0012c7cc 00000004 B gfxBottomFramebufferMaxSize
0012c7d0 00000004 B gxCmdBuf
0012c7d4 00000004 B gspGpuHandle
0012c7d8 00000004 B hidMemHandle
0012c7dc 00000004 B hidHandle
0012c7e0 00000004 B hidSharedMem
0012c7e4 00000014 B hidEvents
0012c7f8 00000004 B __system_retAddr
0012c7fc 00000004 B __ctru_linear_heap
0012c800 00000004 B __ctru_heap
0012c804 00000004 B __system_argv
0012c808 00000004 B __system_argc
0012c80c 00000004 B irrstHandle
0012c810 00000004 B irrstEvent
0012c814 00000004 B irrstMemHandle
0012c818 00000004 B irrstSharedMem
0012c81c B __tls_start
0012dc28 B __bss_end__
0012dc28 A __end__
0012dc28 B __tls_end
